2023/08/25 01:44:45 [notice] 1#1: using the "epoll" event method
2023/08/25 01:44:45 [notice] 1#1: nginx/1.24.0
2023/08/25 01:44:45 [notice] 1#1: built by gcc 12.2.1 20220924 (Alpine 12.2.1_git20220924-r4) 
2023/08/25 01:44:45 [notice] 1#1: OS: Linux 6.2.0-26-generic
2023/08/25 01:44:45 [notice] 1#1: getrlimit(RLIMIT_NOFILE): 1048576:1048576
2023/08/25 01:44:45 [notice] 1#1: start worker processes
2023/08/25 01:44:45 [notice] 1#1: start worker process 30
2023/08/25 01:44:45 [notice] 1#1: start worker process 31
2023/08/25 01:44:45 [notice] 1#1: start worker process 32
2023/08/25 01:44:45 [notice] 1#1: start worker process 33
2023/08/25 01:44:45 [notice] 1#1: start worker process 34
2023/08/25 01:44:45 [notice] 1#1: start worker process 35
2023/08/25 01:44:45 [notice] 1#1: start worker process 36
2023/08/25 01:44:45 [notice] 1#1: start worker process 37
2023/08/25 01:46:23 [notice] 1#1: signal 3 (SIGQUIT) received, shutting down
2023/08/25 01:46:23 [notice] 30#30: gracefully shutting down
2023/08/25 01:46:23 [notice] 37#37: gracefully shutting down
2023/08/25 01:46:23 [notice] 34#34: gracefully shutting down
2023/08/25 01:46:23 [notice] 30#30: exiting
2023/08/25 01:46:23 [notice] 37#37: exiting
2023/08/25 01:46:23 [notice] 34#34: exiting
2023/08/25 01:46:23 [notice] 30#30: exit
2023/08/25 01:46:23 [notice] 37#37: exit
2023/08/25 01:46:23 [notice] 34#34: exit
2023/08/25 01:46:23 [notice] 36#36: gracefully shutting down
2023/08/25 01:46:23 [notice] 36#36: exiting
2023/08/25 01:46:23 [notice] 36#36: exit
2023/08/25 01:46:23 [notice] 32#32: gracefully shutting down
2023/08/25 01:46:23 [notice] 32#32: exiting
2023/08/25 01:46:23 [notice] 32#32: exit
2023/08/25 01:46:23 [notice] 31#31: gracefully shutting down
2023/08/25 01:46:23 [notice] 33#33: gracefully shutting down
2023/08/25 01:46:23 [notice] 35#35: gracefully shutting down
2023/08/25 01:46:23 [notice] 31#31: exiting
2023/08/25 01:46:23 [notice] 33#33: exiting
2023/08/25 01:46:23 [notice] 35#35: exiting
2023/08/25 01:46:23 [notice] 31#31: exit
2023/08/25 01:46:23 [notice] 35#35: exit
2023/08/25 01:46:23 [notice] 33#33: exit
2023/08/25 01:46:23 [notice] 1#1: signal 17 (SIGCHLD) received from 33
2023/08/25 01:46:23 [notice] 1#1: worker process 30 exited with code 0
2023/08/25 01:46:23 [notice] 1#1: worker process 32 exited with code 0
2023/08/25 01:46:23 [notice] 1#1: worker process 33 exited with code 0
2023/08/25 01:46:23 [notice] 1#1: worker process 36 exited with code 0
2023/08/25 01:46:23 [notice] 1#1: worker process 37 exited with code 0
2023/08/25 01:46:23 [notice] 1#1: signal 29 (SIGIO) received
2023/08/25 01:46:23 [notice] 1#1: signal 17 (SIGCHLD) received from 37
2023/08/25 01:46:23 [notice] 1#1: signal 17 (SIGCHLD) received from 34
2023/08/25 01:46:23 [notice] 1#1: worker process 34 exited with code 0
2023/08/25 01:46:23 [notice] 1#1: worker process 35 exited with code 0
2023/08/25 01:46:23 [notice] 1#1: signal 29 (SIGIO) received
2023/08/25 01:46:23 [notice] 1#1: signal 17 (SIGCHLD) received from 31
2023/08/25 01:46:23 [notice] 1#1: worker process 31 exited with code 0
2023/08/25 01:46:23 [notice] 1#1: exit
2023/08/25 01:46:57 [notice] 1#1: using the "epoll" event method
2023/08/25 01:46:57 [notice] 1#1: nginx/1.24.0
2023/08/25 01:46:57 [notice] 1#1: built by gcc 12.2.1 20220924 (Alpine 12.2.1_git20220924-r4) 
2023/08/25 01:46:57 [notice] 1#1: OS: Linux 6.2.0-26-generic
2023/08/25 01:46:57 [notice] 1#1: getrlimit(RLIMIT_NOFILE): 1048576:1048576
2023/08/25 01:46:57 [notice] 1#1: start worker processes
2023/08/25 01:46:57 [notice] 1#1: start worker process 30
2023/08/25 01:46:57 [notice] 1#1: start worker process 31
2023/08/25 01:46:57 [notice] 1#1: start worker process 32
2023/08/25 01:46:57 [notice] 1#1: start worker process 33
2023/08/25 01:46:57 [notice] 1#1: start worker process 34
2023/08/25 01:46:57 [notice] 1#1: start worker process 35
2023/08/25 01:46:57 [notice] 1#1: start worker process 36
2023/08/25 01:46:57 [notice] 1#1: start worker process 37
2023/08/25 01:47:35 [notice] 1#1: signal 3 (SIGQUIT) received, shutting down
2023/08/25 01:47:35 [notice] 33#33: gracefully shutting down
2023/08/25 01:47:35 [notice] 33#33: exiting
2023/08/25 01:47:35 [notice] 33#33: exit
2023/08/25 01:47:35 [notice] 32#32: gracefully shutting down
2023/08/25 01:47:35 [notice] 30#30: gracefully shutting down
2023/08/25 01:47:35 [notice] 32#32: exiting
2023/08/25 01:47:35 [notice] 30#30: exiting
2023/08/25 01:47:35 [notice] 31#31: gracefully shutting down
2023/08/25 01:47:35 [notice] 32#32: exit
2023/08/25 01:47:35 [notice] 30#30: exit
2023/08/25 01:47:35 [notice] 31#31: exiting
2023/08/25 01:47:35 [notice] 31#31: exit
2023/08/25 01:47:35 [notice] 35#35: gracefully shutting down
2023/08/25 01:47:35 [notice] 37#37: gracefully shutting down
2023/08/25 01:47:35 [notice] 35#35: exiting
2023/08/25 01:47:35 [notice] 36#36: gracefully shutting down
2023/08/25 01:47:35 [notice] 37#37: exiting
2023/08/25 01:47:35 [notice] 36#36: exiting
2023/08/25 01:47:35 [notice] 35#35: exit
2023/08/25 01:47:35 [notice] 37#37: exit
2023/08/25 01:47:35 [notice] 36#36: exit
2023/08/25 01:47:35 [notice] 34#34: gracefully shutting down
2023/08/25 01:47:35 [notice] 34#34: exiting
2023/08/25 01:47:35 [notice] 34#34: exit
2023/08/25 01:47:35 [notice] 1#1: signal 17 (SIGCHLD) received from 30
2023/08/25 01:47:35 [notice] 1#1: worker process 30 exited with code 0
2023/08/25 01:47:35 [notice] 1#1: worker process 32 exited with code 0
2023/08/25 01:47:35 [notice] 1#1: signal 29 (SIGIO) received
2023/08/25 01:47:35 [notice] 1#1: signal 17 (SIGCHLD) received from 37
2023/08/25 01:47:35 [notice] 1#1: worker process 36 exited with code 0
2023/08/25 01:47:35 [notice] 1#1: worker process 31 exited with code 0
2023/08/25 01:47:35 [notice] 1#1: worker process 33 exited with code 0
2023/08/25 01:47:35 [notice] 1#1: worker process 34 exited with code 0
2023/08/25 01:47:35 [notice] 1#1: worker process 35 exited with code 0
2023/08/25 01:47:35 [notice] 1#1: worker process 37 exited with code 0
2023/08/25 01:47:35 [notice] 1#1: exit
2023/08/25 01:48:07 [notice] 1#1: using the "epoll" event method
2023/08/25 01:48:07 [notice] 1#1: nginx/1.24.0
2023/08/25 01:48:07 [notice] 1#1: built by gcc 12.2.1 20220924 (Alpine 12.2.1_git20220924-r4) 
2023/08/25 01:48:07 [notice] 1#1: OS: Linux 6.2.0-26-generic
2023/08/25 01:48:07 [notice] 1#1: getrlimit(RLIMIT_NOFILE): 1048576:1048576
2023/08/25 01:48:07 [notice] 1#1: start worker processes
2023/08/25 01:48:07 [notice] 1#1: start worker process 30
2023/08/25 01:48:07 [notice] 1#1: start worker process 31
2023/08/25 01:48:07 [notice] 1#1: start worker process 32
2023/08/25 01:48:07 [notice] 1#1: start worker process 33
2023/08/25 01:48:07 [notice] 1#1: start worker process 34
2023/08/25 01:48:07 [notice] 1#1: start worker process 35
2023/08/25 01:48:07 [notice] 1#1: start worker process 36
2023/08/25 01:48:07 [notice] 1#1: start worker process 37
2023/08/25 01:49:37 [notice] 1#1: signal 3 (SIGQUIT) received, shutting down
2023/08/25 01:49:37 [notice] 30#30: gracefully shutting down
2023/08/25 01:49:37 [notice] 31#31: gracefully shutting down
2023/08/25 01:49:37 [notice] 32#32: gracefully shutting down
2023/08/25 01:49:37 [notice] 34#34: gracefully shutting down
2023/08/25 01:49:37 [notice] 30#30: exiting
2023/08/25 01:49:37 [notice] 31#31: exiting
2023/08/25 01:49:37 [notice] 32#32: exiting
2023/08/25 01:49:37 [notice] 34#34: exiting
2023/08/25 01:49:37 [notice] 31#31: exit
2023/08/25 01:49:37 [notice] 30#30: exit
2023/08/25 01:49:37 [notice] 34#34: exit
2023/08/25 01:49:37 [notice] 32#32: exit
2023/08/25 01:49:37 [notice] 33#33: gracefully shutting down
2023/08/25 01:49:37 [notice] 33#33: exiting
2023/08/25 01:49:37 [notice] 35#35: gracefully shutting down
2023/08/25 01:49:37 [notice] 35#35: exiting
2023/08/25 01:49:37 [notice] 36#36: gracefully shutting down
2023/08/25 01:49:37 [notice] 36#36: exiting
2023/08/25 01:49:37 [notice] 33#33: exit
2023/08/25 01:49:37 [notice] 37#37: gracefully shutting down
2023/08/25 01:49:37 [notice] 35#35: exit
2023/08/25 01:49:37 [notice] 37#37: exiting
2023/08/25 01:49:37 [notice] 36#36: exit
2023/08/25 01:49:37 [notice] 37#37: exit
2023/08/25 01:49:37 [notice] 1#1: signal 17 (SIGCHLD) received from 36
2023/08/25 01:49:37 [notice] 1#1: worker process 34 exited with code 0
2023/08/25 01:49:37 [notice] 1#1: worker process 36 exited with code 0
2023/08/25 01:49:37 [notice] 1#1: signal 29 (SIGIO) received
2023/08/25 01:49:37 [notice] 1#1: signal 17 (SIGCHLD) received from 33
2023/08/25 01:49:37 [notice] 1#1: worker process 33 exited with code 0
2023/08/25 01:49:37 [notice] 1#1: signal 29 (SIGIO) received
2023/08/25 01:49:37 [notice] 1#1: signal 17 (SIGCHLD) received from 30
2023/08/25 01:49:37 [notice] 1#1: worker process 30 exited with code 0
2023/08/25 01:49:37 [notice] 1#1: signal 29 (SIGIO) received
2023/08/25 01:49:37 [notice] 1#1: signal 17 (SIGCHLD) received from 32
2023/08/25 01:49:37 [notice] 1#1: worker process 32 exited with code 0
2023/08/25 01:49:37 [notice] 1#1: signal 29 (SIGIO) received
2023/08/25 01:49:37 [notice] 1#1: signal 17 (SIGCHLD) received from 35
2023/08/25 01:49:37 [notice] 1#1: worker process 31 exited with code 0
2023/08/25 01:49:37 [notice] 1#1: worker process 35 exited with code 0
2023/08/25 01:49:37 [notice] 1#1: worker process 37 exited with code 0
2023/08/25 01:49:37 [notice] 1#1: exit
2023/08/25 01:49:55 [notice] 1#1: using the "epoll" event method
2023/08/25 01:49:55 [notice] 1#1: nginx/1.24.0
2023/08/25 01:49:55 [notice] 1#1: built by gcc 12.2.1 20220924 (Alpine 12.2.1_git20220924-r4) 
2023/08/25 01:49:55 [notice] 1#1: OS: Linux 6.2.0-26-generic
2023/08/25 01:49:55 [notice] 1#1: getrlimit(RLIMIT_NOFILE): 1048576:1048576
2023/08/25 01:49:55 [notice] 1#1: start worker processes
2023/08/25 01:49:55 [notice] 1#1: start worker process 30
2023/08/25 01:49:55 [notice] 1#1: start worker process 31
2023/08/25 01:49:55 [notice] 1#1: start worker process 32
2023/08/25 01:49:55 [notice] 1#1: start worker process 33
2023/08/25 01:49:55 [notice] 1#1: start worker process 34
2023/08/25 01:49:55 [notice] 1#1: start worker process 35
2023/08/25 01:49:55 [notice] 1#1: start worker process 36
2023/08/25 01:49:55 [notice] 1#1: start worker process 37
2023/08/25 01:54:26 [notice] 1#1: signal 3 (SIGQUIT) received, shutting down
2023/08/25 01:54:26 [notice] 30#30: gracefully shutting down
2023/08/25 01:54:26 [notice] 33#33: gracefully shutting down
2023/08/25 01:54:26 [notice] 32#32: gracefully shutting down
2023/08/25 01:54:26 [notice] 30#30: exiting
2023/08/25 01:54:26 [notice] 33#33: exiting
2023/08/25 01:54:26 [notice] 32#32: exiting
2023/08/25 01:54:26 [notice] 31#31: gracefully shutting down
2023/08/25 01:54:26 [notice] 31#31: exiting
2023/08/25 01:54:26 [notice] 33#33: exit
2023/08/25 01:54:26 [notice] 30#30: exit
2023/08/25 01:54:26 [notice] 32#32: exit
2023/08/25 01:54:26 [notice] 31#31: exit
2023/08/25 01:54:26 [notice] 35#35: gracefully shutting down
2023/08/25 01:54:26 [notice] 37#37: gracefully shutting down
2023/08/25 01:54:26 [notice] 35#35: exiting
2023/08/25 01:54:26 [notice] 37#37: exiting
2023/08/25 01:54:26 [notice] 35#35: exit
2023/08/25 01:54:26 [notice] 37#37: exit
2023/08/25 01:54:26 [notice] 34#34: gracefully shutting down
2023/08/25 01:54:26 [notice] 34#34: exiting
2023/08/25 01:54:26 [notice] 34#34: exit
2023/08/25 01:54:26 [notice] 36#36: gracefully shutting down
2023/08/25 01:54:26 [notice] 36#36: exiting
2023/08/25 01:54:26 [notice] 36#36: exit
2023/08/25 01:54:26 [notice] 1#1: signal 17 (SIGCHLD) received from 31
2023/08/25 01:54:26 [notice] 1#1: worker process 31 exited with code 0
2023/08/25 01:54:26 [notice] 1#1: signal 29 (SIGIO) received
2023/08/25 01:54:26 [notice] 1#1: signal 17 (SIGCHLD) received from 37
2023/08/25 01:54:26 [notice] 1#1: worker process 37 exited with code 0
2023/08/25 01:54:26 [notice] 1#1: signal 29 (SIGIO) received
2023/08/25 01:54:26 [notice] 1#1: signal 17 (SIGCHLD) received from 36
2023/08/25 01:54:26 [notice] 1#1: worker process 33 exited with code 0
2023/08/25 01:54:26 [notice] 1#1: worker process 36 exited with code 0
2023/08/25 01:54:26 [notice] 1#1: signal 29 (SIGIO) received
2023/08/25 01:54:26 [notice] 1#1: signal 17 (SIGCHLD) received from 33
2023/08/25 01:54:26 [notice] 1#1: signal 17 (SIGCHLD) received from 34
2023/08/25 01:54:26 [notice] 1#1: worker process 30 exited with code 0
2023/08/25 01:54:26 [notice] 1#1: worker process 32 exited with code 0
2023/08/25 01:54:26 [notice] 1#1: worker process 34 exited with code 0
2023/08/25 01:54:26 [notice] 1#1: worker process 35 exited with code 0
2023/08/25 01:54:26 [notice] 1#1: exit
2023/08/25 01:55:00 [notice] 1#1: using the "epoll" event method
2023/08/25 01:55:00 [notice] 1#1: nginx/1.24.0
2023/08/25 01:55:00 [notice] 1#1: built by gcc 12.2.1 20220924 (Alpine 12.2.1_git20220924-r4) 
2023/08/25 01:55:00 [notice] 1#1: OS: Linux 6.2.0-26-generic
2023/08/25 01:55:00 [notice] 1#1: getrlimit(RLIMIT_NOFILE): 1048576:1048576
2023/08/25 01:55:00 [notice] 1#1: start worker processes
2023/08/25 01:55:00 [notice] 1#1: start worker process 30
2023/08/25 01:55:00 [notice] 1#1: start worker process 31
2023/08/25 01:55:00 [notice] 1#1: start worker process 32
2023/08/25 01:55:00 [notice] 1#1: start worker process 33
2023/08/25 01:55:00 [notice] 1#1: start worker process 34
2023/08/25 01:55:00 [notice] 1#1: start worker process 35
2023/08/25 01:55:00 [notice] 1#1: start worker process 36
2023/08/25 01:55:00 [notice] 1#1: start worker process 37
